42 videos to generate questions for
  [1/42] EAsLs_1HyG8: bank now 4
  [2/42] 2K-cXgASSew: bank now 8
  [3/42] iEm-I_gVb9s: bank now 12
  [4/42] lk7UF1vn8a4: bank now 16
  [5/42] ogyJB2xEaUs: bank now 20
  [6/42] J4yroaYw1SQ: bank now 24
  [7/42] VhFT2yDaMjg: bank now 28
  [8/42] gIqFonNsQZ8: bank now 29
  [9/42] DLKjW7fqyDU: bank now 33
  [10/42] oS9ZMdbDffE: bank now 37
  [11/42] aLBxYurJGE0: bank now 41
  [12/42] S1Jkiew7ovQ: bank now 45
  [13/42] 6IPSJbEwluw: bank now 49
  [14/42] 4Bp2X6lj1Tw: bank now 50
  [15/42] oAcYTBuHhT8: bank now 51
  [16/42] lb0q-sk82TA: bank now 55
  [17/42] BQnidD3sb0g: bank now 59
  [18/42] 3EyfPWAy57w: bank now 63
  [19/42] tYbjAE3F4H0: bank now 67
  [20/42] jkm2z_f5oMk: bank now 71
  [21/42] MXsNK9j4PNQ: bank now 75
  [22/42] WqQRYFLxoDc: bank now 79
  [23/42] jc7V08Xc9IQ: bank now 80
  [24/42] WDcdn8N_oRk: bank now 84
  [25/42] cqXgUkucsvc: bank now 85
  [26/42] BJ3WH-kSAxI: bank now 89
  [27/42] 0HenRw6__u8: bank now 93
  [28/42] 5VRuRmDJURY: bank now 97
  [29/42] c0fBLov2nKk: bank now 101
  [30/42] Z0iOzLatpz4: bank now 105
  [31/42] QZ37MHN3NyE: bank now 109
  [32/42] f53OW6p7l-8: bank now 113
  [33/42] yQLIwMeSE5c: bank now 117
  [34/42] KO7Z5_85490: bank now 121
  [35/42] l4MewuaqxTE: bank now 125
  [36/42] hCh3xz_BDWo: bank now 129
  [37/42] FIO4cZ0jCug: bank now 133
  [38/42] Sy926KPXwV0: bank now 137
  [39/42] _--osX9sKB8: bank now 138
  [40/42] CYPKuPAZt9E: bank now 142
  [41/42] J-VCgNpy9p8: bank now 146
  [42/42] -tYNqvvOsU0: bank now 147
✓ /Users/qinchen/Projects/language-practice-hub/output/qbank.json — 147 questions total
