Ingesting 42 listening videos

[1/42] EAsLs_1HyG8  Luisteren examen A2 (nieuw systeem) 5 vragen
   $ python3 generate.py https://www.youtube.com/watch?v=EAsLs_1HyG8 --whisper-api --title Luisteren examen A2 (nieuw systeem) 5 vragen …
   $ python3 make_exam_auto.py EAsLs_1HyG8 --title Luisteren examen A2 (nieuw systeem) 5 vragen …
   $ python3 make_web.py EAsLs_1HyG8 …
   $ python3 analyze_sentences.py EAsLs_1HyG8 …
     ✓ done
[2/42] 2K-cXgASSew  Listening exam A2 (new system) 3 questions
   $ python3 generate.py https://www.youtube.com/watch?v=2K-cXgASSew --whisper-api --title Listening exam A2 (new system) 3 questions …
   $ python3 make_exam_auto.py 2K-cXgASSew --title Listening exam A2 (new system) 3 questions …
   $ python3 make_web.py 2K-cXgASSew …
   $ python3 analyze_sentences.py 2K-cXgASSew …
     ✓ done
[3/42] iEm-I_gVb9s  Luisteren examen A2 (nieuw systeem) 3 vragen
   $ python3 make_web.py iEm-I_gVb9s …
   $ python3 analyze_sentences.py iEm-I_gVb9s …
     ✓ done
[4/42] lk7UF1vn8a4  Listening exam A2 (new system) 5 questions
   $ python3 generate.py https://www.youtube.com/watch?v=lk7UF1vn8a4 --whisper-api --title Listening exam A2 (new system) 5 questions …
   $ python3 make_exam_auto.py lk7UF1vn8a4 --title Listening exam A2 (new system) 5 questions …
   $ python3 make_web.py lk7UF1vn8a4 …
   $ python3 analyze_sentences.py lk7UF1vn8a4 …
     ✓ done
[5/42] ogyJB2xEaUs  Luisteren examen A2 (nieuw systeem) 3 vragen (b)
   $ python3 generate.py https://www.youtube.com/watch?v=ogyJB2xEaUs --whisper-api --title Luisteren examen A2 (nieuw systeem) 3 vragen (b) …
   $ python3 make_exam_auto.py ogyJB2xEaUs --title Luisteren examen A2 (nieuw systeem) 3 vragen (b) …
   $ python3 make_web.py ogyJB2xEaUs …
   $ python3 analyze_sentences.py ogyJB2xEaUs …
     ✓ done
[6/42] J4yroaYw1SQ  Luisteren examen A2 (nieuw systeem) 3 vragen (c)
   $ python3 generate.py https://www.youtube.com/watch?v=J4yroaYw1SQ --whisper-api --title Luisteren examen A2 (nieuw systeem) 3 vragen (c) …
   $ python3 make_exam_auto.py J4yroaYw1SQ --title Luisteren examen A2 (nieuw systeem) 3 vragen (c) …
   $ python3 make_web.py J4yroaYw1SQ …
   $ python3 analyze_sentences.py J4yroaYw1SQ …
     ✓ done
[7/42] VhFT2yDaMjg  Luisteren examen A2 (nieuw systeem) 3 vragen (d)
   $ python3 generate.py https://www.youtube.com/watch?v=VhFT2yDaMjg --whisper-api --title Luisteren examen A2 (nieuw systeem) 3 vragen (d) …
   $ python3 make_exam_auto.py VhFT2yDaMjg --title Luisteren examen A2 (nieuw systeem) 3 vragen (d) …
   $ python3 make_web.py VhFT2yDaMjg …
   $ python3 analyze_sentences.py VhFT2yDaMjg …
     ✓ done
[8/42] gIqFonNsQZ8  Luisteren examen A2 (nieuw systeem) 4 vragen
   $ python3 generate.py https://www.youtube.com/watch?v=gIqFonNsQZ8 --whisper-api --title Luisteren examen A2 (nieuw systeem) 4 vragen …
   $ python3 make_exam_auto.py gIqFonNsQZ8 --title Luisteren examen A2 (nieuw systeem) 4 vragen …
   $ python3 make_web.py gIqFonNsQZ8 …
   $ python3 analyze_sentences.py gIqFonNsQZ8 …
     ✓ done
[9/42] DLKjW7fqyDU  Listening exam A2 (new system) 5 questions (b)
   $ python3 generate.py https://www.youtube.com/watch?v=DLKjW7fqyDU --whisper-api --title Listening exam A2 (new system) 5 questions (b) …
   $ python3 make_exam_auto.py DLKjW7fqyDU --title Listening exam A2 (new system) 5 questions (b) …
   $ python3 make_web.py DLKjW7fqyDU …
   $ python3 analyze_sentences.py DLKjW7fqyDU …
     ✓ done
[10/42] oS9ZMdbDffE  Luisteren examen A2 (nieuw systeem) 8 vragen
   $ python3 generate.py https://www.youtube.com/watch?v=oS9ZMdbDffE --whisper-api --title Luisteren examen A2 (nieuw systeem) 8 vragen …
   $ python3 make_exam_auto.py oS9ZMdbDffE --title Luisteren examen A2 (nieuw systeem) 8 vragen …
   $ python3 make_web.py oS9ZMdbDffE …
   $ python3 analyze_sentences.py oS9ZMdbDffE …
     ✓ done
[11/42] aLBxYurJGE0  Luisteren examen A2 (nieuw systeem) 7 vragen
   $ python3 generate.py https://www.youtube.com/watch?v=aLBxYurJGE0 --whisper-api --title Luisteren examen A2 (nieuw systeem) 7 vragen …
   $ python3 make_exam_auto.py aLBxYurJGE0 --title Luisteren examen A2 (nieuw systeem) 7 vragen …
   $ python3 make_web.py aLBxYurJGE0 …
   $ python3 analyze_sentences.py aLBxYurJGE0 …
     ✓ done
[12/42] S1Jkiew7ovQ  Listening exam A2
   $ python3 generate.py https://www.youtube.com/watch?v=S1Jkiew7ovQ --whisper-api --title Listening exam A2 …
   $ python3 make_exam_auto.py S1Jkiew7ovQ --title Listening exam A2 …
   $ python3 make_web.py S1Jkiew7ovQ …
   $ python3 analyze_sentences.py S1Jkiew7ovQ …
     ✓ done
[13/42] 6IPSJbEwluw  Listening exam A2 (b)
   $ python3 generate.py https://www.youtube.com/watch?v=6IPSJbEwluw --whisper-api --title Listening exam A2 (b) …
   $ python3 make_exam_auto.py 6IPSJbEwluw --title Listening exam A2 (b) …
   $ python3 make_web.py 6IPSJbEwluw …
   $ python3 analyze_sentences.py 6IPSJbEwluw …
     ✓ done
[14/42] 4Bp2X6lj1Tw  Sample question from the Listening exam 2025
   $ python3 generate.py https://www.youtube.com/watch?v=4Bp2X6lj1Tw --whisper-api --title Sample question from the Listening exam 2025 …
   $ python3 make_exam_auto.py 4Bp2X6lj1Tw --title Sample question from the Listening exam 2025 …
   $ python3 make_web.py 4Bp2X6lj1Tw …
   $ python3 analyze_sentences.py 4Bp2X6lj1Tw …
     ✓ done
[15/42] oAcYTBuHhT8  Luisteren examen A2 Oefenen 1
   $ python3 generate.py https://www.youtube.com/watch?v=oAcYTBuHhT8 --whisper-api --title Luisteren examen A2 Oefenen 1 …
   $ python3 make_exam_auto.py oAcYTBuHhT8 --title Luisteren examen A2 Oefenen 1 …
   $ python3 make_web.py oAcYTBuHhT8 …
   $ python3 analyze_sentences.py oAcYTBuHhT8 …
     ✓ done
[16/42] lb0q-sk82TA  Listening exam A2 Practice 2
   $ python3 generate.py https://www.youtube.com/watch?v=lb0q-sk82TA --whisper-api --title Listening exam A2 Practice 2 …
   $ python3 make_exam_auto.py lb0q-sk82TA --title Listening exam A2 Practice 2 …
   $ python3 make_web.py lb0q-sk82TA …
   $ python3 analyze_sentences.py lb0q-sk82TA …
     ✓ done
[17/42] BQnidD3sb0g  Listening exam A2 Practice 3
   $ python3 generate.py https://www.youtube.com/watch?v=BQnidD3sb0g --whisper-api --title Listening exam A2 Practice 3 …
   $ python3 make_exam_auto.py BQnidD3sb0g --title Listening exam A2 Practice 3 …
   $ python3 make_web.py BQnidD3sb0g …
   $ python3 analyze_sentences.py BQnidD3sb0g …
     ✓ done
[18/42] 3EyfPWAy57w  Listening exam A2 Practice 4
   $ python3 generate.py https://www.youtube.com/watch?v=3EyfPWAy57w --whisper-api --title Listening exam A2 Practice 4 …
   $ python3 make_exam_auto.py 3EyfPWAy57w --title Listening exam A2 Practice 4 …
   $ python3 make_web.py 3EyfPWAy57w …
   $ python3 analyze_sentences.py 3EyfPWAy57w …
     ✓ done
[19/42] tYbjAE3F4H0  Listening exam A2 Practice 5
   $ python3 generate.py https://www.youtube.com/watch?v=tYbjAE3F4H0 --whisper-api --title Listening exam A2 Practice 5 …
   $ python3 make_exam_auto.py tYbjAE3F4H0 --title Listening exam A2 Practice 5 …
   $ python3 make_web.py tYbjAE3F4H0 …
   $ python3 analyze_sentences.py tYbjAE3F4H0 …
     ✓ done
[20/42] jkm2z_f5oMk  Luisteren examen A2 Oefenen 6
   $ python3 generate.py https://www.youtube.com/watch?v=jkm2z_f5oMk --whisper-api --title Luisteren examen A2 Oefenen 6 …
   $ python3 make_exam_auto.py jkm2z_f5oMk --title Luisteren examen A2 Oefenen 6 …
   $ python3 make_web.py jkm2z_f5oMk …
   $ python3 analyze_sentences.py jkm2z_f5oMk …
     ✓ done
[21/42] MXsNK9j4PNQ  Luisteren examen A2 Oefenen 7
   $ python3 generate.py https://www.youtube.com/watch?v=MXsNK9j4PNQ --whisper-api --title Luisteren examen A2 Oefenen 7 …
   $ python3 make_exam_auto.py MXsNK9j4PNQ --title Luisteren examen A2 Oefenen 7 …
   $ python3 make_web.py MXsNK9j4PNQ …
   $ python3 analyze_sentences.py MXsNK9j4PNQ …
     ✓ done
[22/42] WqQRYFLxoDc  Luisteren examen A2 Oefenen 8
   $ python3 generate.py https://www.youtube.com/watch?v=WqQRYFLxoDc --whisper-api --title Luisteren examen A2 Oefenen 8 …
   $ python3 make_exam_auto.py WqQRYFLxoDc --title Luisteren examen A2 Oefenen 8 …
   $ python3 make_web.py WqQRYFLxoDc …
   $ python3 analyze_sentences.py WqQRYFLxoDc …
     ✓ done
[23/42] jc7V08Xc9IQ  Listening exam A2 Practice 9
   $ python3 generate.py https://www.youtube.com/watch?v=jc7V08Xc9IQ --whisper-api --title Listening exam A2 Practice 9 …
   $ python3 make_exam_auto.py jc7V08Xc9IQ --title Listening exam A2 Practice 9 …
   $ python3 make_web.py jc7V08Xc9IQ …
   $ python3 analyze_sentences.py jc7V08Xc9IQ …
     ✓ done
[24/42] WDcdn8N_oRk  Listening exam A2 Practice 10
   $ python3 generate.py https://www.youtube.com/watch?v=WDcdn8N_oRk --whisper-api --title Listening exam A2 Practice 10 …
   $ python3 make_exam_auto.py WDcdn8N_oRk --title Listening exam A2 Practice 10 …
   $ python3 make_web.py WDcdn8N_oRk …
   $ python3 analyze_sentences.py WDcdn8N_oRk …
     ✓ done
[25/42] cqXgUkucsvc  Luisteren examen A2 Oefenen 11
   $ python3 generate.py https://www.youtube.com/watch?v=cqXgUkucsvc --whisper-api --title Luisteren examen A2 Oefenen 11 …
   $ python3 make_exam_auto.py cqXgUkucsvc --title Luisteren examen A2 Oefenen 11 …
   $ python3 make_web.py cqXgUkucsvc …
   $ python3 analyze_sentences.py cqXgUkucsvc …
     ✓ done
[26/42] BJ3WH-kSAxI  Listening exam A2 Practice 12
   $ python3 generate.py https://www.youtube.com/watch?v=BJ3WH-kSAxI --whisper-api --title Listening exam A2 Practice 12 …
   $ python3 make_exam_auto.py BJ3WH-kSAxI --title Listening exam A2 Practice 12 …
   $ python3 make_web.py BJ3WH-kSAxI …
   $ python3 analyze_sentences.py BJ3WH-kSAxI …
     ✓ done
[27/42] 0HenRw6__u8  Luisteren examen A2 Oefenen 13
   $ python3 generate.py https://www.youtube.com/watch?v=0HenRw6__u8 --whisper-api --title Luisteren examen A2 Oefenen 13 …
   $ python3 make_exam_auto.py 0HenRw6__u8 --title Luisteren examen A2 Oefenen 13 …
   $ python3 make_web.py 0HenRw6__u8 …
   $ python3 analyze_sentences.py 0HenRw6__u8 …
     ✓ done
[28/42] 5VRuRmDJURY  Luisteren examen A2 Oefenen 14
   $ python3 generate.py https://www.youtube.com/watch?v=5VRuRmDJURY --whisper-api --title Luisteren examen A2 Oefenen 14 …
   $ python3 make_exam_auto.py 5VRuRmDJURY --title Luisteren examen A2 Oefenen 14 …
   $ python3 make_web.py 5VRuRmDJURY …
   $ python3 analyze_sentences.py 5VRuRmDJURY …
     ✓ done
[29/42] c0fBLov2nKk  Luisteren examen A2 Oefenen 15
   $ python3 generate.py https://www.youtube.com/watch?v=c0fBLov2nKk --whisper-api --title Luisteren examen A2 Oefenen 15 …
   $ python3 make_exam_auto.py c0fBLov2nKk --title Luisteren examen A2 Oefenen 15 …
   $ python3 make_web.py c0fBLov2nKk …
   $ python3 analyze_sentences.py c0fBLov2nKk …
     ✓ done
[30/42] Z0iOzLatpz4  luisteren examen inburgeren A2
   $ python3 generate.py https://www.youtube.com/watch?v=Z0iOzLatpz4 --whisper-api --title luisteren examen inburgeren A2 …
   $ python3 make_exam_auto.py Z0iOzLatpz4 --title luisteren examen inburgeren A2 …
   $ python3 make_web.py Z0iOzLatpz4 …
   $ python3 analyze_sentences.py Z0iOzLatpz4 …
     ✓ done
[31/42] QZ37MHN3NyE  luisteren examen 2021
   $ python3 generate.py https://www.youtube.com/watch?v=QZ37MHN3NyE --whisper-api --title luisteren examen 2021 …
   $ python3 make_exam_auto.py QZ37MHN3NyE --title luisteren examen 2021 …
   $ python3 make_web.py QZ37MHN3NyE …
   $ python3 analyze_sentences.py QZ37MHN3NyE …
     ✗ Command '['python3', 'analyze_sentences.py', 'QZ37MHN3NyE']' timed out after 1200 seconds
[32/42] f53OW6p7l-8  listening exam A2 practice 2021
   $ python3 generate.py https://www.youtube.com/watch?v=f53OW6p7l-8 --whisper-api --title listening exam A2 practice 2021 …
   $ python3 make_exam_auto.py f53OW6p7l-8 --title listening exam A2 practice 2021 …
   $ python3 make_web.py f53OW6p7l-8 …
   $ python3 analyze_sentences.py f53OW6p7l-8 …
     ✓ done
[33/42] yQLIwMeSE5c  Exercise listening exam Level A2
   $ python3 generate.py https://www.youtube.com/watch?v=yQLIwMeSE5c --whisper-api --title Exercise listening exam Level A2 …
   $ python3 make_exam_auto.py yQLIwMeSE5c --title Exercise listening exam Level A2 …
   $ python3 make_web.py yQLIwMeSE5c …
   $ python3 analyze_sentences.py yQLIwMeSE5c …
     ✓ done
[34/42] KO7Z5_85490  Listening exam 2021 part 1
   $ python3 generate.py https://www.youtube.com/watch?v=KO7Z5_85490 --whisper-api --title Listening exam 2021 part 1 …
   $ python3 make_exam_auto.py KO7Z5_85490 --title Listening exam 2021 part 1 …
   $ python3 make_web.py KO7Z5_85490 …
   $ python3 analyze_sentences.py KO7Z5_85490 …
     ✓ done
[35/42] l4MewuaqxTE  Listening exam 2021 part 2
   $ python3 generate.py https://www.youtube.com/watch?v=l4MewuaqxTE --whisper-api --title Listening exam 2021 part 2 …
   $ python3 make_exam_auto.py l4MewuaqxTE --title Listening exam 2021 part 2 …
   $ python3 make_web.py l4MewuaqxTE …
   $ python3 analyze_sentences.py l4MewuaqxTE …
     ✓ done
[36/42] hCh3xz_BDWo  Listening exam 2021 part 3
   $ python3 generate.py https://www.youtube.com/watch?v=hCh3xz_BDWo --whisper-api --title Listening exam 2021 part 3 …
   $ python3 make_exam_auto.py hCh3xz_BDWo --title Listening exam 2021 part 3 …
   $ python3 make_web.py hCh3xz_BDWo …
   $ python3 analyze_sentences.py hCh3xz_BDWo …
     ✓ done
[37/42] FIO4cZ0jCug  Listening exam 2021
   $ python3 generate.py https://www.youtube.com/watch?v=FIO4cZ0jCug --whisper-api --title Listening exam 2021 …
   $ python3 make_exam_auto.py FIO4cZ0jCug --title Listening exam 2021 …
   $ python3 make_web.py FIO4cZ0jCug …
   $ python3 analyze_sentences.py FIO4cZ0jCug …
     ✓ done
[38/42] Sy926KPXwV0  Oefenen het luisteren met 10 Nederlandse teksten
   $ python3 generate.py https://www.youtube.com/watch?v=Sy926KPXwV0 --whisper-api --title Oefenen het luisteren met 10 Nederlandse teksten …
     ✗ WITpa97mI1JKrp-ZKDKQbnM-arDEUVDbgO_nwFoJqe6UkAcgFpBeIX9MA', '-F', 'file=@output/Sy926KPXwV0/audio.mp3', '-F', 'model=whisper-1', '-F', 'language=nl', '-F', 'response_format=verbose_json', '-F', 'timestamp_granularities[]=word', '-F', 'timestamp_granularities[]=segment']' timed out after 180 seconds

     ⚠ transcript failed, skip
[39/42] _--osX9sKB8  100 Dutch Sentences to Practice for the Listening Exam
   $ python3 generate.py https://www.youtube.com/watch?v=_--osX9sKB8 --whisper-api --title 100 Dutch Sentences to Practice for the Listening Exam …
   $ python3 make_exam_auto.py _--osX9sKB8 --title 100 Dutch Sentences to Practice for the Listening Exam …
   $ python3 make_web.py _--osX9sKB8 …
   $ python3 analyze_sentences.py _--osX9sKB8 …
     ✓ done
[40/42] CYPKuPAZt9E  Luister naar de woorden
   $ python3 generate.py https://www.youtube.com/watch?v=CYPKuPAZt9E --whisper-api --title Luister naar de woorden …
   $ python3 make_exam_auto.py CYPKuPAZt9E --title Luister naar de woorden …
   $ python3 make_web.py CYPKuPAZt9E …
   $ python3 analyze_sentences.py CYPKuPAZt9E …
     ✓ done
[41/42] J-VCgNpy9p8  Listening and reading A2 (to the market)
   $ python3 generate.py https://www.youtube.com/watch?v=J-VCgNpy9p8 --whisper-api --title Listening and reading A2 (to the market) …
   $ python3 make_exam_auto.py J-VCgNpy9p8 --title Listening and reading A2 (to the market) …
   $ python3 make_web.py J-VCgNpy9p8 …
   $ python3 analyze_sentences.py J-VCgNpy9p8 …
     ✓ done
[42/42] -tYNqvvOsU0  Luisteren en Lezen (Piet met zijn moeder in ziekenhuis)
   $ python3 generate.py https://www.youtube.com/watch?v=-tYNqvvOsU0 --whisper-api --title Luisteren en Lezen (Piet met zijn moeder in ziekenhuis) …
   $ python3 make_exam_auto.py -tYNqvvOsU0 --title Luisteren en Lezen (Piet met zijn moeder in ziekenhuis) …
     ✗ usage: make_exam_auto.py [-h] [--title TITLE] [--duration DURATION]
                         [--channel CHANNEL]
                         vid
make_exam_auto.py: error: the following arguments are required: vid


=== 39 done, 3 failed ===
failed: ['QZ37MHN3NyE', 'Sy926KPXwV0', '-tYNqvvOsU0']
