  ✓ transcripts/Inburgeren examen A2/Luisteren en Lezen (Piet met zijn moeder in ziekenhuis).pdf
  ✓ transcripts/Inburgeren examen A2/Luisteren en Lezen (Piet met zijn moeder in ziekenhuis) · 純荷文盲練.pdf
  ✓ transcripts/Inburgeren examen A2/Luisteren examen A2 Oefenen 13.pdf
  ✓ transcripts/Inburgeren examen A2/Luisteren examen A2 Oefenen 13 · 純荷文盲練.pdf
  ✓ transcripts/Inburgeren examen A2/Listening exam A2 (new system) 3 questions.pdf
  ✓ transcripts/Inburgeren examen A2/Listening exam A2 (new system) 3 questions · 純荷文盲練.pdf
  ✓ transcripts/Inburgeren examen A2/Listening exam A2 Practice 4.pdf
  ✓ transcripts/Inburgeren examen A2/Listening exam A2 Practice 4 · 純荷文盲練.pdf
  ✓ transcripts/Inburgeren examen A2/Sample question from the Listening exam 2025.pdf
  ✓ transcripts/Inburgeren examen A2/Sample question from the Listening exam 2025 · 純荷文盲練.pdf
  ✓ transcripts/Inburgeren examen A2/Luisteren examen A2 Oefenen 14.pdf
  ✓ transcripts/Inburgeren examen A2/Luisteren examen A2 Oefenen 14 · 純荷文盲練.pdf
  ✓ transcripts/Inburgeren examen A2/Listening exam A2 (b).pdf
  ✓ transcripts/Inburgeren examen A2/Listening exam A2 (b) · 純荷文盲練.pdf
  ✓ transcripts/NT2 Academy/EXAMEN A2 luisteren 2026 inburgering! PART 2 - met ANTWOORDEN! nederlandsleren.pdf
  ✓ transcripts/NT2 Academy/EXAMEN A2 luisteren 2026 inburgering! PART 2 - met ANTWOORDEN! nederlandsleren · 純荷文盲練.pdf
  ✓ transcripts/Inburgeren examen A2/Listening exam A2 Practice 12.pdf
  ✓ transcripts/Inburgeren examen A2/Listening exam A2 Practice 12 · 純荷文盲練.pdf
  ✓ transcripts/Inburgeren examen A2/Listening exam A2 Practice 3.pdf
  ✓ transcripts/Inburgeren examen A2/Listening exam A2 Practice 3 · 純荷文盲練.pdf
  ✓ transcripts/Inburgeren examen A2/Luister naar de woorden.pdf
  ✓ transcripts/Inburgeren examen A2/Luister naar de woorden · 純荷文盲練.pdf
  ✓ transcripts/Inburgeren examen A2/Listening exam A2 (new system) 5 questions (b).pdf
  ✓ transcripts/Inburgeren examen A2/Listening exam A2 (new system) 5 questions (b) · 純荷文盲練.pdf
  ✓ transcripts/Inburgeren examen A2/Luisteren examen A2 (nieuw systeem) 5 vragen.pdf
  ✓ transcripts/Inburgeren examen A2/Luisteren examen A2 (nieuw systeem) 5 vragen · 純荷文盲練.pdf
  ✓ transcripts/Inburgeren examen A2/Listening exam 2021.pdf
  ✓ transcripts/Inburgeren examen A2/Listening exam 2021 · 純荷文盲練.pdf
  ✓ transcripts/Inburgeren examen A2/Listening and reading A2 (to the market).pdf
  ✓ transcripts/Inburgeren examen A2/Listening and reading A2 (to the market) · 純荷文盲練.pdf
  ✓ transcripts/Inburgeren examen A2/Luisteren examen A2 (nieuw systeem) 3 vragen (c).pdf
  ✓ transcripts/Inburgeren examen A2/Luisteren examen A2 (nieuw systeem) 3 vragen (c) · 純荷文盲練.pdf
  ✓ transcripts/Inburgeren examen A2/Listening exam 2021 part 1.pdf
  ✓ transcripts/Inburgeren examen A2/Listening exam 2021 part 1 · 純荷文盲練.pdf
  ✓ transcripts/Inburgeren examen A2/Luisteren examen A2 Oefenen 7.pdf
  ✓ transcripts/Inburgeren examen A2/Luisteren examen A2 Oefenen 7 · 純荷文盲練.pdf
  ✓ transcripts/Inburgeren examen A2/luisteren examen 2021.pdf
  ✓ transcripts/Inburgeren examen A2/luisteren examen 2021 · 純荷文盲練.pdf
  ✓ transcripts/Inburgeren examen A2/Listening exam A2.pdf
  ✓ transcripts/Inburgeren examen A2/Listening exam A2 · 純荷文盲練.pdf
  ✓ transcripts/Inburgeren examen A2/Oefenen het luisteren met 10 Nederlandse teksten.pdf
  ✓ transcripts/Inburgeren examen A2/Oefenen het luisteren met 10 Nederlandse teksten · 純荷文盲練.pdf
  ✓ transcripts/Inburgeren examen A2/Luisteren examen A2 (nieuw systeem) 3 vragen (d).pdf
  ✓ transcripts/Inburgeren examen A2/Luisteren examen A2 (nieuw systeem) 3 vragen (d) · 純荷文盲練.pdf
  ✓ transcripts/Inburgeren examen A2/Listening exam A2 Practice 10.pdf
  ✓ transcripts/Inburgeren examen A2/Listening exam A2 Practice 10 · 純荷文盲練.pdf
  ✓ transcripts/Inburgeren examen A2/Luisteren examen A2 Oefenen 8.pdf
  ✓ transcripts/Inburgeren examen A2/Luisteren examen A2 Oefenen 8 · 純荷文盲練.pdf
  ✓ transcripts/Inburgeren examen A2/luisteren examen inburgeren A2.pdf
  ✓ transcripts/Inburgeren examen A2/luisteren examen inburgeren A2 · 純荷文盲練.pdf
  ✓ transcripts/Inburgeren examen A2/100 Dutch Sentences to Practice for the Listening Exam.pdf
  ✓ transcripts/Inburgeren examen A2/100 Dutch Sentences to Practice for the Listening Exam · 純荷文盲練.pdf
  ✓ transcripts/NT2 Academy/EXAMEN A2 luisteren 2026 inburgering! PART 1 - met ANTWOORDEN! nederlandsleren.pdf
  ✓ transcripts/NT2 Academy/EXAMEN A2 luisteren 2026 inburgering! PART 1 - met ANTWOORDEN! nederlandsleren · 純荷文盲練.pdf
  ✓ transcripts/Inburgeren examen A2/Luisteren examen A2 (nieuw systeem) 7 vragen.pdf
  ✓ transcripts/Inburgeren examen A2/Luisteren examen A2 (nieuw systeem) 7 vragen · 純荷文盲練.pdf
  ✓ transcripts/Inburgeren examen A2/Luisteren examen A2 Oefenen 15.pdf
  ✓ transcripts/Inburgeren examen A2/Luisteren examen A2 Oefenen 15 · 純荷文盲練.pdf
  ✓ transcripts/Inburgeren examen A2/Luisteren examen A2 Oefenen 11.pdf
  ✓ transcripts/Inburgeren examen A2/Luisteren examen A2 Oefenen 11 · 純荷文盲練.pdf
  ✓ transcripts/Inburgeren examen A2/listening exam A2 practice 2021.pdf
  ✓ transcripts/Inburgeren examen A2/listening exam A2 practice 2021 · 純荷文盲練.pdf
  ✓ transcripts/Inburgeren examen A2/Luisteren examen A2 (nieuw systeem) 4 vragen.pdf
  ✓ transcripts/Inburgeren examen A2/Luisteren examen A2 (nieuw systeem) 4 vragen · 純荷文盲練.pdf
  ✓ transcripts/Inburgeren examen A2/Listening exam 2021 part 3.pdf
  ✓ transcripts/Inburgeren examen A2/Listening exam 2021 part 3 · 純荷文盲練.pdf
  ✓ transcripts/Inburgeren examen A2/Luisteren examen A2 (nieuw systeem) 3 vragen.pdf
  ✓ transcripts/Inburgeren examen A2/Luisteren examen A2 (nieuw systeem) 3 vragen · 純荷文盲練.pdf
  ✓ transcripts/Inburgeren examen A2/Listening exam A2 Practice 9.pdf
  ✓ transcripts/Inburgeren examen A2/Listening exam A2 Practice 9 · 純荷文盲練.pdf
  ✓ transcripts/Inburgeren examen A2/Luisteren examen A2 Oefenen 6.pdf
  ✓ transcripts/Inburgeren examen A2/Luisteren examen A2 Oefenen 6 · 純荷文盲練.pdf
  ✓ transcripts/Inburgeren examen A2/Listening exam 2021 part 2.pdf
  ✓ transcripts/Inburgeren examen A2/Listening exam 2021 part 2 · 純荷文盲練.pdf
  ✓ transcripts/Inburgeren examen A2/Listening exam A2 Practice 2.pdf
  ✓ transcripts/Inburgeren examen A2/Listening exam A2 Practice 2 · 純荷文盲練.pdf
  ✓ transcripts/Inburgeren examen A2/Listening exam A2 (new system) 5 questions.pdf
  ✓ transcripts/Inburgeren examen A2/Listening exam A2 (new system) 5 questions · 純荷文盲練.pdf
  ✓ transcripts/自製模擬考/荷蘭文 A2 luisteren 模擬考三（真實做題版）.pdf
  ✓ transcripts/自製模擬考/荷蘭文 A2 luisteren 模擬考三（真實做題版） · 純荷文盲練.pdf
  ✓ transcripts/Inburgeren examen A2/Luisteren examen A2 Oefenen 1.pdf
  ✓ transcripts/Inburgeren examen A2/Luisteren examen A2 Oefenen 1 · 純荷文盲練.pdf
  ✓ transcripts/Inburgeren examen A2/Luisteren examen A2 (nieuw systeem) 8 vragen.pdf
  ✓ transcripts/Inburgeren examen A2/Luisteren examen A2 (nieuw systeem) 8 vragen · 純荷文盲練.pdf
  ✓ transcripts/Inburgeren examen A2/Luisteren examen A2 (nieuw systeem) 3 vragen (b).pdf
  ✓ transcripts/Inburgeren examen A2/Luisteren examen A2 (nieuw systeem) 3 vragen (b) · 純荷文盲練.pdf
  ✓ transcripts/Inburgeren examen A2/Listening exam A2 Practice 5.pdf
  ✓ transcripts/Inburgeren examen A2/Listening exam A2 Practice 5 · 純荷文盲練.pdf
  ✓ transcripts/Inburgeren examen A2/Exercise listening exam Level A2.pdf
  ✓ transcripts/Inburgeren examen A2/Exercise listening exam Level A2 · 純荷文盲練.pdf

📄 90 PDFs produced under transcripts/
